SF:lib/utils/format_to_currency.dart
DA:3,2
DA:4,4
LF:2
LH:2
end_of_record
SF:lib/utils/extract_percentage_value.dart
DA:1,2
DA:2,6
LF:2
LH:2
end_of_record
SF:lib/ui/widgets/custom_typography.dart
DA:11,10
DA:21,6
DA:23,6
DA:24,6
DA:25,6
DA:26,6
DA:30,6
DA:31,6
DA:32,6
DA:33,2
DA:35,2
DA:36,2
DA:37,2
DA:39,5
DA:40,3
DA:42,3
DA:43,3
DA:44,3
DA:46,4
DA:47,0
DA:49,0
DA:50,0
DA:51,0
DA:53,4
DA:54,2
DA:56,2
DA:57,2
DA:58,2
DA:60,3
DA:61,3
DA:63,3
DA:64,3
DA:65,3
LF:33
LH:29
end_of_record
SF:lib/ui/widgets/tertiary_button.dart
DA:8,3
DA:10,3
DA:12,3
DA:13,3
DA:14,3
DA:15,3
DA:16,3
DA:17,3
LF:8
LH:8
end_of_record
SF:lib/ui/widgets/app_bar.dart
DA:6,1
DA:8,1
DA:10,1
DA:11,1
DA:16,1
DA:18,1
DA:19,1
DA:21,1
DA:22,1
DA:24,0
DA:26,1
DA:28,0
LF:12
LH:10
end_of_record
SF:lib/core/services/motels_service.dart
DA:10,1
DA:12,1
DA:13,2
DA:16,3
DA:17,2
LF:5
LH:5
end_of_record
SF:lib/core/models/api_response.dart
DA:7,1
DA:9,1
DA:10,1
DA:11,2
DA:12,1
DA:26,1
DA:36,1
DA:37,1
DA:38,1
DA:39,1
DA:40,1
DA:41,1
DA:42,1
DA:43,5
DA:44,1
LF:15
LH:15
end_of_record
SF:lib/core/models/motel.dart
DA:13,2
DA:24,1
DA:25,1
DA:26,1
DA:27,1
DA:28,1
DA:29,2
DA:30,5
DA:31,1
DA:32,1
DA:33,2
LF:11
LH:11
end_of_record
SF:lib/core/models/categoria_item.dart
DA:5,1
DA:7,1
DA:8,1
DA:9,1
DA:10,1
LF:5
LH:5
end_of_record
SF:lib/core/models/desconto.dart
DA:4,2
DA:6,1
DA:7,3
LF:3
LH:3
end_of_record
SF:lib/core/models/suite.dart
DA:13,2
DA:23,1
DA:24,1
DA:25,1
DA:26,1
DA:27,1
DA:28,2
DA:29,5
DA:30,1
DA:31,3
DA:32,1
DA:34,5
DA:42,1
DA:44,1
DA:45,2
LF:15
LH:15
end_of_record
SF:lib/core/models/periodo.dart
DA:11,2
DA:20,1
DA:21,1
DA:22,1
DA:23,1
DA:24,2
DA:25,2
DA:26,1
DA:28,3
LF:9
LH:9
end_of_record
SF:lib/core/network/endpoints.dart
DA:2,0
DA:4,3
LF:2
LH:1
end_of_record
SF:lib/ui/widgets/full_screen_modal.dart
DA:8,1
DA:14,1
DA:16,1
DA:17,3
DA:18,1
DA:20,4
DA:21,1
DA:27,1
DA:30,1
DA:32,1
DA:33,0
DA:34,0
DA:43,1
DA:46,1
DA:54,1
DA:56,1
DA:60,1
DA:61,2
DA:62,0
DA:68,1
DA:70,1
DA:80,1
DA:81,3
DA:82,1
DA:89,0
DA:90,0
DA:92,0
DA:93,0
DA:94,0
DA:100,0
DA:106,1
DA:107,1
DA:109,1
DA:110,3
DA:111,1
DA:113,1
DA:118,3
LF:37
LH:28
end_of_record
SF:lib/ui/widgets/primary_button.dart
DA:7,1
DA:13,1
DA:15,1
DA:16,1
DA:17,1
DA:20,1
DA:21,1
DA:26,1
DA:27,1
LF:9
LH:9
end_of_record
SF:lib/ui/widgets/row_price_element.dart
DA:9,1
DA:11,1
DA:13,1
DA:14,1
DA:16,1
DA:19,1
DA:21,1
DA:22,2
DA:23,1
DA:25,1
DA:26,2
DA:27,1
DA:36,1
DA:37,1
DA:44,1
DA:45,1
DA:46,1
DA:53,1
DA:55,6
DA:56,1
DA:58,1
DA:59,1
DA:60,1
DA:68,1
DA:71,1
DA:72,1
DA:73,1
DA:74,1
DA:75,3
DA:80,1
DA:84,1
DA:85,1
DA:88,1
DA:89,2
DA:96,1
DA:97,1
DA:98,3
DA:102,1
DA:103,3
DA:114,1
DA:115,1
DA:116,1
DA:117,1
DA:125,1
DA:129,1
DA:130,1
DA:131,3
DA:135,1
DA:136,3
LF:49
LH:49
end_of_record
SF:lib/ui/widgets/image_icon.dart
DA:5,1
DA:7,1
DA:9,1
DA:10,1
DA:11,1
DA:12,1
DA:13,1
DA:20,0
LF:8
LH:7
end_of_record
SF:lib/ui/widgets/motel_card.dart
DA:17,1
DA:22,1
DA:24,1
DA:26,1
DA:27,1
DA:31,1
DA:36,1
DA:37,1
DA:38,1
DA:39,1
DA:40,0
DA:41,0
DA:45,0
DA:55,1
DA:56,1
DA:58,1
DA:60,3
DA:61,1
DA:62,3
DA:63,1
DA:66,1
DA:67,1
DA:68,4
DA:72,1
DA:73,3
DA:74,2
DA:83,1
DA:84,1
DA:85,1
DA:87,1
DA:90,1
DA:92,1
DA:93,1
DA:96,1
DA:97,1
DA:98,1
DA:107,1
DA:108,1
DA:110,1
DA:122,0
DA:123,0
DA:124,0
DA:125,0
DA:127,0
DA:130,0
DA:132,0
DA:143,0
DA:144,0
DA:156,0
DA:159,1
DA:160,1
DA:162,1
DA:165,1
DA:166,1
DA:168,1
DA:169,1
DA:170,2
DA:175,1
DA:177,1
DA:178,1
DA:179,2
DA:183,1
DA:184,2
DA:188,1
DA:191,1
DA:192,1
DA:193,1
DA:195,1
DA:199,1
DA:201,1
DA:206,1
DA:207,1
DA:212,1
DA:213,3
DA:225,1
DA:226,1
DA:227,1
DA:228,3
DA:255,1
DA:259,1
DA:261,1
DA:263,1
DA:266,1
DA:268,1
DA:269,1
DA:270,1
DA:271,1
DA:272,2
DA:273,0
DA:276,0
DA:277,0
DA:287,2
DA:288,1
DA:289,0
DA:290,0
DA:300,0
DA:305,0
DA:311,0
DA:312,0
LF:99
LH:77
end_of_record
